Using pre-set license
Built from '2020.3/staging' branch; Version is '2020.3.11f1 (99c7afb366b3) revision 10078127'; Using compiler version '192528614'; Build Type 'Release'
OS: 'Windows 10 Pro; OS build 19042.1110; Version 2009; 64bit' Language: 'es' Physical Memory: 16332 MB
BatchMode: 1, IsHumanControllingUs: 0, StartBugReporterOnCrash: 0, Is64bit: 1, IsPro: 0

 COMMAND LINE ARGUMENTS:
C:\Program Files\Unity\Hub\Editor\2020.3.11f1\Editor\Unity.exe
-adb2
-batchMode
-noUpm
-name
AssetImportWorker0
-projectPath
D:/GitHub/Programming-Theory-Repository/Programming Theory Project
-logFile
Logs/AssetImportWorker0.log
-srvPort
53628
Successfully changed project path to: D:/GitHub/Programming-Theory-Repository/Programming Theory Project
D:/GitHub/Programming-Theory-Repository/Programming Theory Project
Using Asset Import Pipeline V2.
Refreshing native plugins compatible for Editor in 23.94 ms, found 2 plugins.
Preloading 0 native plugins for Editor in 0.00 ms.
Initialize engine version: 2020.3.11f1 (99c7afb366b3)
[Subsystems] Discovering subsystems at path C:/Program Files/Unity/Hub/Editor/2020.3.11f1/Editor/Data/Resources/UnitySubsystems
[Subsystems] Discovering subsystems at path D:/GitHub/Programming-Theory-Repository/Programming Theory Project/Assets
GfxDevice: creating device client; threaded=0
Direct3D:
    Version:  Direct3D 11.0 [level 11.1]
    Renderer: Radeon RX 580 Series (ID=0x67df)
    Vendor:   
    VRAM:     8171 MB
    Driver:   27.20.22001.14011
Initialize mono
Mono path[0] = 'C:/Program Files/Unity/Hub/Editor/2020.3.11f1/Editor/Data/Managed'
Mono path[1] = 'C:/Program Files/Unity/Hub/Editor/2020.3.11f1/Editor/Data/MonoBleedingEdge/lib/mono/unityjit'
Mono config path = 'C:/Program Files/Unity/Hub/Editor/2020.3.11f1/Editor/Data/MonoBleedingEdge/etc'
Using monoOptions --debugger-agent=transport=dt_socket,embedding=1,server=y,suspend=n,address=127.0.0.1:56096
Begin MonoManager ReloadAssembly
Registering precompiled unity dll's ...
Register platform support module: C:/Program Files/Unity/Hub/Editor/2020.3.11f1/Editor/Data/PlaybackEngines/WebGLSupport/UnityEditor.WebGL.Extensions.dll
Register platform support module: C:/Program Files/Unity/Hub/Editor/2020.3.11f1/Editor/Data/PlaybackEngines/WindowsStandaloneSupport/UnityEditor.WindowsStandalone.Extensions.dll
Registered in 0.002043 seconds.
Native extension for WindowsStandalone target not found
Native extension for WebGL target not found
Refreshing native plugins compatible for Editor in 23.61 ms, found 2 plugins.
Preloading 0 native plugins for Editor in 0.00 ms.
Mono: successfully reloaded assembly
- Completed reload, in  1.103 seconds
Platform modules already initialized, skipping
Registering precompiled user dll's ...
Registered in 0.002417 seconds.
Begin MonoManager ReloadAssembly
Native extension for WindowsStandalone target not found
Native extension for WebGL target not found
Refreshing native plugins compatible for Editor in 0.27 ms, found 2 plugins.
Preloading 0 native plugins for Editor in 0.00 ms.
Mono: successfully reloaded assembly
- Completed reload, in  0.899 seconds
Platform modules already initialized, skipping
========================================================================
Worker process is ready to serve import requests
Launched and connected shader compiler UnityShaderCompiler.exe after 0.04 seconds
Refreshing native plugins compatible for Editor in 0.26 ms, found 2 plugins.
Preloading 0 native plugins for Editor in 0.00 ms.
Unloading 1390 Unused Serialized files (Serialized files now loaded: 0)
System memory in use before: 65.1 MB.
System memory in use after: 65.2 MB.

Unloading 19 unused Assets to reduce memory usage. Loaded Objects now: 1825.
Total: 1.863300 ms (FindLiveObjects: 0.124500 ms CreateObjectMapping: 0.037400 ms MarkObjects: 1.628200 ms  DeleteObjects: 0.072300 ms)

========================================================================
Received Import Request.
  path: Assets/Materials/Muzzle.mat
  artifactKey: Guid(18bd8b5abe04ef446b5390a91873d682) Importer(815301076,1909f56bfc062723c751e8b465ee728b)
Start importing Assets/Materials/Muzzle.mat using Guid(18bd8b5abe04ef446b5390a91873d682) Importer(815301076,1909f56bfc062723c751e8b465ee728b)  -> (artifact id: 'd5e7afefebf3f751b98767b548d23c35') in 0.098277 seconds
  Import took 0.108763 seconds .

========================================================================
Received Import Request.
  Time since last request: 0.000277 seconds.
  path: Assets/Prefabs/MuzzleFlash.prefab
  artifactKey: Guid(50fc324a6e313d842a2b46925c3905cc) Importer(815301076,1909f56bfc062723c751e8b465ee728b)
Start importing Assets/Prefabs/MuzzleFlash.prefab using Guid(50fc324a6e313d842a2b46925c3905cc) Importer(815301076,1909f56bfc062723c751e8b465ee728b)  -> (artifact id: 'e46debf5da9ae35892842a85724f2684') in 0.012705 seconds
  Import took 0.014956 seconds .

========================================================================
Received Import Request.
  Time since last request: 0.003480 seconds.
  path: Assets/Prefabs/MuzzleFlash.prefab
  artifactKey: Guid(50fc324a6e313d842a2b46925c3905cc) Importer(815301076,1909f56bfc062723c751e8b465ee728b)
Start importing Assets/Prefabs/MuzzleFlash.prefab using Guid(50fc324a6e313d842a2b46925c3905cc) Importer(815301076,1909f56bfc062723c751e8b465ee728b)  -> (artifact id: 'e46debf5da9ae35892842a85724f2684') in 0.008166 seconds
  Import took 0.010634 seconds .

========================================================================
Received Prepare
Registering precompiled user dll's ...
Registered in 0.002333 seconds.
Begin MonoManager ReloadAssembly
Native extension for WindowsStandalone target not found
Native extension for WebGL target not found
Refreshing native plugins compatible for Editor in 0.27 ms, found 2 plugins.
Preloading 0 native plugins for Editor in 0.00 ms.
Mono: successfully reloaded assembly
- Completed reload, in  0.824 seconds
Platform modules already initialized, skipping
Refreshing native plugins compatible for Editor in 0.26 ms, found 2 plugins.
Preloading 0 native plugins for Editor in 0.00 ms.
Unloading 1385 Unused Serialized files (Serialized files now loaded: 0)
System memory in use before: 68.4 MB.
System memory in use after: 68.4 MB.

Unloading 14 unused Assets to reduce memory usage. Loaded Objects now: 1868.
Total: 1.769600 ms (FindLiveObjects: 0.124600 ms CreateObjectMapping: 0.040500 ms MarkObjects: 1.527500 ms  DeleteObjects: 0.076000 ms)

========================================================================
Received Import Request.
  Time since last request: 62.867351 seconds.
  path: Assets/Scripts/Weapon.cs
  artifactKey: Guid(9e36c5868874f504abd1de3404fe02b3) Importer(815301076,1909f56bfc062723c751e8b465ee728b)
Start importing Assets/Scripts/Weapon.cs using Guid(9e36c5868874f504abd1de3404fe02b3) Importer(815301076,1909f56bfc062723c751e8b465ee728b)  -> (artifact id: 'ae2d4c8e5bd75c0ab5c64ed6598fad12') in 0.011116 seconds
  Import took 0.014734 seconds .

========================================================================
Received Import Request.
  Time since last request: 0.006855 seconds.
  path: Assets/Scripts/Weapon.cs
  artifactKey: Guid(9e36c5868874f504abd1de3404fe02b3) Importer(815301076,1909f56bfc062723c751e8b465ee728b)
Start importing Assets/Scripts/Weapon.cs using Guid(9e36c5868874f504abd1de3404fe02b3) Importer(815301076,1909f56bfc062723c751e8b465ee728b)  -> (artifact id: 'ae2d4c8e5bd75c0ab5c64ed6598fad12') in 0.006246 seconds
  Import took 0.008870 seconds .

========================================================================
Received Import Request.
  Time since last request: 30.482741 seconds.
  path: Assets/Scripts/Weapon.cs
  artifactKey: Guid(9e36c5868874f504abd1de3404fe02b3) Importer(815301076,1909f56bfc062723c751e8b465ee728b)
Start importing Assets/Scripts/Weapon.cs using Guid(9e36c5868874f504abd1de3404fe02b3) Importer(815301076,1909f56bfc062723c751e8b465ee728b)  -> (artifact id: '791be78bc392b143f0c8de20dff479f9') in 0.003617 seconds
  Import took 0.006128 seconds .

========================================================================
Received Prepare
Registering precompiled user dll's ...
Registered in 0.002535 seconds.
Begin MonoManager ReloadAssembly
Native extension for WindowsStandalone target not found
Native extension for WebGL target not found
Refreshing native plugins compatible for Editor in 0.27 ms, found 2 plugins.
Preloading 0 native plugins for Editor in 0.00 ms.
Mono: successfully reloaded assembly
- Completed reload, in  0.821 seconds
Platform modules already initialized, skipping
Refreshing native plugins compatible for Editor in 0.26 ms, found 2 plugins.
Preloading 0 native plugins for Editor in 0.00 ms.
Unloading 1385 Unused Serialized files (Serialized files now loaded: 0)
System memory in use before: 68.4 MB.
System memory in use after: 68.5 MB.

Unloading 14 unused Assets to reduce memory usage. Loaded Objects now: 1871.
Total: 1.665100 ms (FindLiveObjects: 0.116200 ms CreateObjectMapping: 0.034000 ms MarkObjects: 1.436500 ms  DeleteObjects: 0.077700 ms)

========================================================================
Received Import Request.
  Time since last request: 87.420126 seconds.
  path: Assets/Sounds
  artifactKey: Guid(e26499891500a2f4894166bf153c7ab7) Importer(815301076,1909f56bfc062723c751e8b465ee728b)
Start importing Assets/Sounds using Guid(e26499891500a2f4894166bf153c7ab7) Importer(815301076,1909f56bfc062723c751e8b465ee728b)  -> (artifact id: '5d916c3a41a6ab92b8182d5be653e9dd') in 0.007992 seconds
  Import took 0.010357 seconds .

========================================================================
Received Import Request.
  Time since last request: 16.072093 seconds.
  path: Assets/Sounds/ak47_fire2.wav
  artifactKey: Guid(9dad38678fb8bf74c9c96fb051d71eac) Importer(815301076,1909f56bfc062723c751e8b465ee728b)
Start importing Assets/Sounds/ak47_fire2.wav using Guid(9dad38678fb8bf74c9c96fb051d71eac) Importer(815301076,1909f56bfc062723c751e8b465ee728b)  -> (artifact id: '4a82d1b9349e49e980f807a3e5c469f3') in 0.081794 seconds
  Import took 0.083838 seconds .

========================================================================
Received Import Request.
  Time since last request: 0.000227 seconds.
  path: Assets/Sounds/mixkit-game-gun-shot-1662.mp3
  artifactKey: Guid(6a5e00839cd580140b86c4d444650783) Importer(815301076,1909f56bfc062723c751e8b465ee728b)
Start importing Assets/Sounds/mixkit-game-gun-shot-1662.mp3 using Guid(6a5e00839cd580140b86c4d444650783) Importer(815301076,1909f56bfc062723c751e8b465ee728b)  -> (artifact id: '68d4119e960e5658947173d974b91bc3') in 0.016807 seconds
  Import took 0.030676 seconds .

========================================================================
Received Prepare
Registering precompiled user dll's ...
Registered in 0.002745 seconds.
Begin MonoManager ReloadAssembly
Native extension for WindowsStandalone target not found
Native extension for WebGL target not found
Refreshing native plugins compatible for Editor in 0.27 ms, found 2 plugins.
Preloading 0 native plugins for Editor in 0.00 ms.
Mono: successfully reloaded assembly
- Completed reload, in  0.863 seconds
Platform modules already initialized, skipping
Refreshing native plugins compatible for Editor in 0.28 ms, found 2 plugins.
Preloading 0 native plugins for Editor in 0.00 ms.
Unloading 1385 Unused Serialized files (Serialized files now loaded: 0)
System memory in use before: 68.5 MB.
System memory in use after: 68.5 MB.

Unloading 14 unused Assets to reduce memory usage. Loaded Objects now: 1877.
Total: 1.776400 ms (FindLiveObjects: 0.130700 ms CreateObjectMapping: 0.040000 ms MarkObjects: 1.560100 ms  DeleteObjects: 0.044800 ms)

========================================================================
Received Import Request.
  Time since last request: 47.816152 seconds.
  path: Assets/Materials/debris.mat
  artifactKey: Guid(f3d859f02b5c557489b75a13326de7b0) Importer(815301076,1909f56bfc062723c751e8b465ee728b)
Start importing Assets/Materials/debris.mat using Guid(f3d859f02b5c557489b75a13326de7b0) Importer(815301076,1909f56bfc062723c751e8b465ee728b)  -> (artifact id: '980e2ff0c31239b359886ad07e9a299d') in 0.067548 seconds
  Import took 0.070002 seconds .

========================================================================
Received Import Request.
  Time since last request: 0.000232 seconds.
  path: Assets/Materials/Metal.mat
  artifactKey: Guid(f386c7ab2f39b104293836f59d2d4b1e) Importer(815301076,1909f56bfc062723c751e8b465ee728b)
Start importing Assets/Materials/Metal.mat using Guid(f386c7ab2f39b104293836f59d2d4b1e) Importer(815301076,1909f56bfc062723c751e8b465ee728b)  -> (artifact id: '6fa6a5ca909c1934094a83f8d15ab47a') in 0.022302 seconds
  Import took 0.024452 seconds .

========================================================================
Received Import Request.
  Time since last request: 14.147682 seconds.
  path: Assets/Scenes
  artifactKey: Guid(1db838629a398114b8cc2c7baaaefcd2) Importer(815301076,1909f56bfc062723c751e8b465ee728b)
Start importing Assets/Scenes using Guid(1db838629a398114b8cc2c7baaaefcd2) Importer(815301076,1909f56bfc062723c751e8b465ee728b)  -> (artifact id: '79e915c0102bdb0d5524b119cb133e2e') in 0.006049 seconds
  Import took 0.009066 seconds .

========================================================================
Received Prepare
Registering precompiled user dll's ...
Registered in 0.002414 seconds.
Begin MonoManager ReloadAssembly
Native extension for WindowsStandalone target not found
Native extension for WebGL target not found
Refreshing native plugins compatible for Editor in 0.27 ms, found 2 plugins.
Preloading 0 native plugins for Editor in 0.00 ms.
Mono: successfully reloaded assembly
- Completed reload, in  0.803 seconds
Platform modules already initialized, skipping
Refreshing native plugins compatible for Editor in 0.26 ms, found 2 plugins.
Preloading 0 native plugins for Editor in 0.00 ms.
Unloading 1385 Unused Serialized files (Serialized files now loaded: 0)
System memory in use before: 68.5 MB.
System memory in use after: 68.6 MB.

Unloading 14 unused Assets to reduce memory usage. Loaded Objects now: 1881.
Total: 1.703700 ms (FindLiveObjects: 0.123800 ms CreateObjectMapping: 0.036800 ms MarkObjects: 1.464900 ms  DeleteObjects: 0.077300 ms)

AssetImportWorkerClient::OnTransportError - code=2 error=End of file
